<?xml version="1.0" encoding="UTF-8"?>
<!-- Generated by org.testng.reporters.JUnitXMLReporter -->
<testsuite hostname="phanitej" ignored="0" name="HRM LoginTest" tests="3" failures="0" timestamp="16 Dec 2021 05:35:06 GMT" time="20.735" errors="0">
  <testcase name="set_LoginCredentials" time="0.522" classname="com.HRM.testCases.Tc_001_LoginIntoAppWithValidCreds"/>
  <testcase name="click_onLoginButton" time="8.022" classname="com.HRM.testCases.Tc_001_LoginIntoAppWithValidCreds"/>
  <testcase name="verifyTheTitle_AfterLogin" time="0.047" classname="com.HRM.testCases.Tc_001_LoginIntoAppWithValidCreds"/>
</testsuite> <!-- HRM LoginTest -->
