<?xml version="1.0" encoding="UTF-8"?>
<!-- Generated by org.testng.reporters.JUnitXMLReporter -->
<testsuite hostname="LAPTOP-FFS7NLNU" ignored="0" name="HRM CreateNewUserAndLoginUsingNewlyCreatedUser" tests="5" failures="0" timestamp="03 Jul 2022 20:25:30 GMT" time="33.565" errors="0">
  <testcase name="set_LoginCredentials" time="0.31" classname="com.HRM.testCases.Tc_002_CreateNewEmployeeAndLoginWithNewEmployee"/>
  <testcase name="click_onLoginButton" time="5.881" classname="com.HRM.testCases.Tc_002_CreateNewEmployeeAndLoginWithNewEmployee"/>
  <testcase name="creatingNewUser" time="8.321" classname="com.HRM.testCases.Tc_002_CreateNewEmployeeAndLoginWithNewEmployee"/>
  <testcase name="logOutFromHRMApplication" time="6.891" classname="com.HRM.testCases.Tc_002_CreateNewEmployeeAndLoginWithNewEmployee"/>
  <testcase name="loginWithNewlyCreatedUser" time="2.09" classname="com.HRM.testCases.Tc_002_CreateNewEmployeeAndLoginWithNewEmployee"/>
</testsuite> <!-- HRM CreateNewUserAndLoginUsingNewlyCreatedUser -->
